<?xml version="1.0" encoding="UTF-8"?>
<testng-results ignored="0" total="1" passed="1" failed="0" skipped="0">
  <reporter-output>
  </reporter-output>
  <suite started-at="2024-03-16T12:21:21 IST" name="Default suite" finished-at="2024-03-16T12:21:27 IST" duration-ms="6124">
    <groups>
    </groups>
    <test started-at="2024-03-16T12:21:21 IST" name="Default test" finished-at="2024-03-16T12:21:27 IST" duration-ms="6124">
      <class name="basics.OrganizationsTest">
        <test-method signature="createOrganizationsTest()[pri:0, instance:basics.OrganizationsTest@25be7b63]" started-at="2024-03-16T12:21:21 IST" name="createOrganizationsTest" finished-at="2024-03-16T12:21:27 IST" duration-ms="6093" status="PASS">
          <reporter-output>
          </reporter-output>
        </test-method> <!-- createOrganizationsTest -->
      </class> <!-- basics.OrganizationsTest -->
    </test> <!-- Default test -->
  </suite> <!-- Default suite -->
</testng-results>
